Removed Pin From Net: NetName=AGND Pin=BR1-2
Removed Pin From Net: NetName=AGND Pin=BR2-2
Change Component DesignItemId : Designator=IC5 Old DesignItemId=TPS76333DBVR New DesignItemId=TPS76330DBVR
Change Component DesignItemId : Designator=IC2 Old DesignItemId=TPS76333DBVR New DesignItemId=TPS76350DBVR
Change Component Comment : Designator=C38 Old Comment=10nF New Comment=1nF
Change Component Comment : Designator=C40 Old Comment=10nF New Comment=1nF
Change Component Comment : Designator=C18 Old Comment=22nF New Comment=1nF
Change Component Comment : Designator=R4 Old Comment=22 Ohms New Comment=0 Ohms
Change Component Comment : Designator=R5 Old Comment=22 Ohms New Comment=0 Ohms
Change Component Comment : Designator=R6 Old Comment=22 Ohms New Comment=0 Ohms
Change Component Comment : Designator=R7 Old Comment=22 Ohms New Comment=0 Ohms
Change Component Comment : Designator=R8 Old Comment=22 Ohms New Comment=0 Ohms
Change Component Comment : Designator=R39 Old Comment=40m Ohms New Comment=68m Ohms
Change Component Comment : Designator=R20 Old Comment=100k Ohms New Comment=10k Ohms
Change Component Comment : Designator=R21 Old Comment=100k Ohms New Comment=10k Ohms
Change Component Comment : Designator=R33 Old Comment=100k Ohms New Comment=20k Ohms
Change Component Comment : Designator=R22 Old Comment=100 Ohms New Comment=100 kOhms
Change Component Comment : Designator=R28 Old Comment=100 Ohms New Comment=100 kOhms
Change Component Comment : Designator=R40 Old Comment=300k Ohms New Comment=51k Ohms
Change Component Comment : Designator=R25 Old Comment=300k Ohms New Comment=220k Ohms
Change Component Comment : Designator=IC5 Old Comment=TPS76333DBVR New Comment=TPS76330DBVR
Change Component Comment : Designator=IC2 Old Comment=TPS76333DBVR New Comment=TPS76350DBVR
Change Component Description : Designator=IC5 Old Description=IC REG LINEAR 3.3V 150MA SOT23-5 New Description=IC REG LINEAR 3V 150MA SOT23-5
Change Component Description : Designator=IC2 Old Description=IC REG LINEAR 3.3V 150MA SOT23-5 New Description=IC REG LINEAR 5V 150MA SOT23-5
Change Component Library : Designator=T1 Old Library=FA2924.IntLib New Library=RPI_POE_ADC_SHIELD.SCHLIB
Change component parameters: Designator = "C18" ("C18"); Footprint = "CAP 0603_1608"; UniqueID = "\CFONQKQN" ("\CFONQKQN")
Change component parameters (AddParameter): Name = "Part Number"; Value = "100X14W104MV4T"; VariantName = "[No Variations]"
Change component parameters (AddParameter): Name = "Value"; Value = "1nF"; VariantName = "[No Variations]"
Change component parameters: Designator = "C38" ("C38"); Footprint = "CAP 0603_1608"; UniqueID = "\ULTELYXZ" ("\ULTELYXZ")
Change component parameters (AddParameter): Name = "Part Number"; Value = "100X14W104MV4T"; VariantName = "[No Variations]"
Change component parameters (AddParameter): Name = "Value"; Value = "1nF"; VariantName = "[No Variations]"
Change component parameters: Designator = "C40" ("C40"); Footprint = "CAP 0603_1608"; UniqueID = "\XLAGJJCR" ("\XLAGJJCR")
Change component parameters (AddParameter): Name = "Part Number"; Value = "100X14W104MV4T"; VariantName = "[No Variations]"
Change component parameters (AddParameter): Name = "Value"; Value = "1nF"; VariantName = "[No Variations]"
Change component parameters: Designator = "R4" ("R4"); Footprint = "RES 0603_1608"; UniqueID = "\QLDWNSBX" ("\QLDWNSBX")
Change component parameters (AddParameter): Name = "Part Number"; Value = "RNCS0603BKE100R"; VariantName = "[No Variations]"
Change component parameters (AddParameter): Name = "Value"; Value = "0 Ohms"; VariantName = "[No Variations]"
Change component parameters: Designator = "R5" ("R5"); Footprint = "RES 0603_1608"; UniqueID = "\SHVPXSEN" ("\SHVPXSEN")
Change component parameters (AddParameter): Name = "Part Number"; Value = "RNCS0603BKE100R"; VariantName = "[No Variations]"
Change component parameters (AddParameter): Name = "Value"; Value = "0 Ohms"; VariantName = "[No Variations]"
Change component parameters: Designator = "R6" ("R6"); Footprint = "RES 0603_1608"; UniqueID = "\XFHTJRRM" ("\XFHTJRRM")
Change component parameters (AddParameter): Name = "Part Number"; Value = "RNCS0603BKE100R"; VariantName = "[No Variations]"
Change component parameters (AddParameter): Name = "Value"; Value = "0 Ohms"; VariantName = "[No Variations]"
Change component parameters: Designator = "R7" ("R7"); Footprint = "RES 0603_1608"; UniqueID = "\TUQPCHIN" ("\TUQPCHIN")
Change component parameters (AddParameter): Name = "Part Number"; Value = "RNCS0603BKE100R"; VariantName = "[No Variations]"
Change component parameters (AddParameter): Name = "Value"; Value = "0 Ohms"; VariantName = "[No Variations]"
Change component parameters: Designator = "R8" ("R8"); Footprint = "RES 0603_1608"; UniqueID = "\DVVIJRFY" ("\DVVIJRFY")
Change component parameters (AddParameter): Name = "Part Number"; Value = "RNCS0603BKE100R"; VariantName = "[No Variations]"
Change component parameters (AddParameter): Name = "Value"; Value = "0 Ohms"; VariantName = "[No Variations]"
Change component parameters: Designator = "R20" ("R20"); Footprint = "RES 0603_1608"; UniqueID = "\EYFPSEIL" ("\EYFPSEIL")
Change component parameters (AddParameter): Name = "Part Number"; Value = "RNCS0603BKE100R"; VariantName = "[No Variations]"
Change component parameters (AddParameter): Name = "Value"; Value = "10k Ohms"; VariantName = "[No Variations]"
Change component parameters: Designator = "R21" ("R21"); Footprint = "RES 0603_1608"; UniqueID = "\VGSSEQAY" ("\VGSSEQAY")
Change component parameters (AddParameter): Name = "Part Number"; Value = "RNCS0603BKE100R"; VariantName = "[No Variations]"
Change component parameters (AddParameter): Name = "Value"; Value = "10k Ohms"; VariantName = "[No Variations]"
Change component parameters: Designator = "R22" ("R22"); Footprint = "RES 0603_1608"; UniqueID = "\MFSHQLCI" ("\MFSHQLCI")
Change component parameters (AddParameter): Name = "Part Number"; Value = "RNCS0603BKE100R"; VariantName = "[No Variations]"
Change component parameters (AddParameter): Name = "Value"; Value = "100 kOhms"; VariantName = "[No Variations]"
Change component parameters: Designator = "R25" ("R25"); Footprint = "RES 0603_1608"; UniqueID = "\DDCEBFUQ" ("\DDCEBFUQ")
Change component parameters (AddParameter): Name = "Part Number"; Value = "RNCS0603BKE100R"; VariantName = "[No Variations]"
Change component parameters (AddParameter): Name = "Value"; Value = "220k Ohms"; VariantName = "[No Variations]"
Change component parameters: Designator = "R28" ("R28"); Footprint = "RES 0603_1608"; UniqueID = "\OAETDIEN" ("\OAETDIEN")
Change component parameters (AddParameter): Name = "Part Number"; Value = "RNCS0603BKE100R"; VariantName = "[No Variations]"
Change component parameters (AddParameter): Name = "Value"; Value = "100 kOhms"; VariantName = "[No Variations]"
Change component parameters: Designator = "R33" ("R33"); Footprint = "RES 0603_1608"; UniqueID = "\FBDTORSL" ("\FBDTORSL")
Change component parameters (AddParameter): Name = "Part Number"; Value = "RNCS0603BKE100R"; VariantName = "[No Variations]"
Change component parameters (AddParameter): Name = "Value"; Value = "20k Ohms"; VariantName = "[No Variations]"
Change component parameters: Designator = "R40" ("R40"); Footprint = "RES 0603_1608"; UniqueID = "\SWNLNJPQ" ("\SWNLNJPQ")
Change component parameters (AddParameter): Name = "Part Number"; Value = "RNCS0603BKE100R"; VariantName = "[No Variations]"
Change component parameters (AddParameter): Name = "Value"; Value = "51k Ohms"; VariantName = "[No Variations]"
Change component parameters: Designator = "IC5" ("IC5"); Footprint = "TI SOT-23-5 DBV"; UniqueID = "\NRKFDDNS" ("\NRKFDDNS")
Change component parameters (AddParameter): Name = "ComponentLink1Description"; Value = "Datasheet"; VariantName = "[No Variations]"
Change component parameters (AddParameter): Name = "ComponentLink1URL"; Value = "http://www.ti.com/general/docs/suppproductinfo.tsp?distId=10&gotoUrl=http%3A%2F%2Fwww.ti.com%2Flit%2Fgpn%2Ftps763"; VariantName = "[No Variations]"
Change component parameters (AddParameter): Name = "ComponentLink2Description"; Value = "DigiKey Link"; VariantName = "[No Variations]"
Change component parameters (AddParameter): Name = "ComponentLink2URL"; Value = "http://digikey.com/product-detail/en/texas-instruments/TPS76330DBVR/296-11020-1-ND/477336"; VariantName = "[No Variations]"
Change component parameters (AddParameter): Name = "Control Features"; Value = "Enable"; VariantName = "[No Variations]"
Change component parameters (AddParameter): Name = "Current - Output"; Value = "150mA"; VariantName = "[No Variations]"
Change component parameters (AddParameter): Name = "Current - Quiescent (Iq)"; Value = "100에"; VariantName = "[No Variations]"
Change component parameters (AddParameter): Name = "Current - Supply (Max)"; Value = "140에"; VariantName = "[No Variations]"
Change component parameters (AddParameter): Name = "LastUpdated"; Value = "02.09.2020 1:24:38"; VariantName = "[No Variations]"
Change component parameters (AddParameter): Name = "Lifecycle Status"; Value = "Active"; VariantName = "[No Variations]"
Change component parameters (AddParameter): Name = "Manufacturer"; Value = "Texas Instruments"; VariantName = "[No Variations]"
Change component parameters (AddParameter): Name = "Minimum Order"; Value = "1"; VariantName = "[No Variations]"
Change component parameters (AddParameter): Name = "Mounting Type"; Value = "Surface Mount"; VariantName = "[No Variations]"
Change component parameters (AddParameter): Name = "Number of Regulators"; Value = "1"; VariantName = "[No Variations]"
Change component parameters (AddParameter): Name = "Operating Temperature"; Value = "-40C ~ 125C"; VariantName = "[No Variations]"
Change component parameters (AddParameter): Name = "Output Configuration"; Value = "Positive"; VariantName = "[No Variations]"
Change component parameters (AddParameter): Name = "Output Type"; Value = "Fixed"; VariantName = "[No Variations]"
Change component parameters (AddParameter): Name = "Package / Case"; Value = "SC-74A, SOT-753"; VariantName = "[No Variations]"
Change component parameters (AddParameter): Name = "Packaging"; Value = "TapeAndReel"; VariantName = "[No Variations]"
Change component parameters (AddParameter): Name = "Part Number"; Value = "TPS76330DBVR"; VariantName = "[No Variations]"
Change component parameters (AddParameter): Name = "Part Status"; Value = "Active"; VariantName = "[No Variations]"
Change component parameters (AddParameter): Name = "Price"; Value = "0.33"; VariantName = "[No Variations]"
Change component parameters (AddParameter): Name = "Protection Features"; Value = "Over Current, Over Temperature, Reverse Polarity"; VariantName = "[No Variations]"
Change component parameters (AddParameter): Name = "PSRR"; Value = "60dB (1kHz)"; VariantName = "[No Variations]"
Change component parameters (AddParameter): Name = "Series"; Value = "-"; VariantName = "[No Variations]"
Change component parameters (AddParameter): Name = "Supplier 1"; Value = "DigiKey"; VariantName = "[No Variations]"
Change component parameters (AddParameter): Name = "Supplier Device Package"; Value = "SOT-23-5"; VariantName = "[No Variations]"
Change component parameters (AddParameter): Name = "Supplier Part Number 1"; Value = "296-11020-1-ND"; VariantName = "[No Variations]"
Change component parameters (AddParameter): Name = "Voltage - Input (Max)"; Value = "10V"; VariantName = "[No Variations]"
Change component parameters (AddParameter): Name = "Voltage - Output (Min/Fixed)"; Value = "3V"; VariantName = "[No Variations]"
Change component parameters: Designator = "IC2" ("IC2"); Footprint = "TI SOT-23-5 DBV"; UniqueID = "\FLQFGIGA" ("\FLQFGIGA")
Change component parameters (AddParameter): Name = "ComponentLink1Description"; Value = "Datasheet"; VariantName = "[No Variations]"
Change component parameters (AddParameter): Name = "ComponentLink1URL"; Value = "http://www.ti.com/general/docs/suppproductinfo.tsp?distId=10&gotoUrl=http%3A%2F%2Fwww.ti.com%2Flit%2Fgpn%2Ftps763"; VariantName = "[No Variations]"
Change component parameters (AddParameter): Name = "ComponentLink2Description"; Value = "DigiKey Link"; VariantName = "[No Variations]"
Change component parameters (AddParameter): Name = "ComponentLink2URL"; Value = "http://digikey.com/product-detail/en/texas-instruments/TPS76350DBVR/296-11023-1-ND/477325"; VariantName = "[No Variations]"
Change component parameters (AddParameter): Name = "Control Features"; Value = "Enable"; VariantName = "[No Variations]"
Change component parameters (AddParameter): Name = "Current - Output"; Value = "150mA"; VariantName = "[No Variations]"
Change component parameters (AddParameter): Name = "Current - Quiescent (Iq)"; Value = "100에"; VariantName = "[No Variations]"
Change component parameters (AddParameter): Name = "Current - Supply (Max)"; Value = "140에"; VariantName = "[No Variations]"
Change component parameters (AddParameter): Name = "LastUpdated"; Value = "02.09.2020 1:24:38"; VariantName = "[No Variations]"
Change component parameters (AddParameter): Name = "Lifecycle Status"; Value = "Active"; VariantName = "[No Variations]"
Change component parameters (AddParameter): Name = "Manufacturer"; Value = "Texas Instruments"; VariantName = "[No Variations]"
Change component parameters (AddParameter): Name = "Minimum Order"; Value = "1"; VariantName = "[No Variations]"
Change component parameters (AddParameter): Name = "Mounting Type"; Value = "Surface Mount"; VariantName = "[No Variations]"
Change component parameters (AddParameter): Name = "Number of Regulators"; Value = "1"; VariantName = "[No Variations]"
Change component parameters (AddParameter): Name = "Operating Temperature"; Value = "-40C ~ 125C"; VariantName = "[No Variations]"
Change component parameters (AddParameter): Name = "Output Configuration"; Value = "Positive"; VariantName = "[No Variations]"
Change component parameters (AddParameter): Name = "Output Type"; Value = "Fixed"; VariantName = "[No Variations]"
Change component parameters (AddParameter): Name = "Package / Case"; Value = "SC-74A, SOT-753"; VariantName = "[No Variations]"
Change component parameters (AddParameter): Name = "Packaging"; Value = "TapeAndReel"; VariantName = "[No Variations]"
Change component parameters (AddParameter): Name = "Part Number"; Value = "TPS76350DBVR"; VariantName = "[No Variations]"
Change component parameters (AddParameter): Name = "Part Status"; Value = "Active"; VariantName = "[No Variations]"
Change component parameters (AddParameter): Name = "Price"; Value = "0.33"; VariantName = "[No Variations]"
Change component parameters (AddParameter): Name = "Protection Features"; Value = "Over Current, Over Temperature, Reverse Polarity"; VariantName = "[No Variations]"
Change component parameters (AddParameter): Name = "PSRR"; Value = "60dB (1kHz)"; VariantName = "[No Variations]"
Change component parameters (AddParameter): Name = "Series"; Value = "-"; VariantName = "[No Variations]"
Change component parameters (AddParameter): Name = "Supplier 1"; Value = "DigiKey"; VariantName = "[No Variations]"
Change component parameters (AddParameter): Name = "Supplier Device Package"; Value = "SOT-23-5"; VariantName = "[No Variations]"
Change component parameters (AddParameter): Name = "Supplier Part Number 1"; Value = "296-11023-1-ND"; VariantName = "[No Variations]"
Change component parameters (AddParameter): Name = "Voltage - Input (Max)"; Value = "10V"; VariantName = "[No Variations]"
Change component parameters (AddParameter): Name = "Voltage - Output (Min/Fixed)"; Value = "5V"; VariantName = "[No Variations]"
Change component parameters (AddParameter): Name = "Voltage Dropout (Max)"; Value = "0.3V @ 150mA"; VariantName = "[No Variations]"
Added Component: Designator=D3(LED 0603_1608 RED)
Add component (AddParameter): Name = "Part Number"; Value = "5973005507F"; VariantName = "[No Variations]"
Added Component: Designator=IC10(SOIC127P600X175-8N)
Add component (AddParameter): Name = "Arrow Part Number"; Value = "NCP1090DG"; VariantName = "[No Variations]"
Add component (AddParameter): Name = "Arrow Price/Stock"; Value = "https://www.arrow.com/en/products/ncp1090dg/on-semiconductor"; VariantName = "[No Variations]"
Add component (AddParameter): Name = "Datasheet Link"; Value = "http://www.onsemi.com/pub/Collateral/NCP1090-D.PDF"; VariantName = "[No Variations]"
Add component (AddParameter): Name = "Height"; Value = "1.75mm"; VariantName = "[No Variations]"
Add component (AddParameter): Name = "Manufacturer_Name"; Value = "ON Semiconductor"; VariantName = "[No Variations]"
Add component (AddParameter): Name = "Manufacturer_Part_Number"; Value = "NCP1090DG"; VariantName = "[No Variations]"
Add component (AddParameter): Name = "Mouser Part Number"; Value = "863-NCP1090DG"; VariantName = "[No Variations]"
Add component (AddParameter): Name = "Mouser Price/Stock"; Value = "https://www.mouser.com/Search/Refine.aspx?Keyword=863-NCP1090DG"; VariantName = "[No Variations]"
Added Component: Designator=P4(SFW10R1STE9LF)
Add component (AddParameter): Name = "Arrow Part Number"; Value = ""; VariantName = "[No Variations]"
Add component (AddParameter): Name = "Arrow Price/Stock"; Value = ""; VariantName = "[No Variations]"
Add component (AddParameter): Name = "Datasheet Link"; Value = "http://uk.rs-online.com/web/p/products/1708742"; VariantName = "[No Variations]"
Add component (AddParameter): Name = "Height"; Value = "2.7mm"; VariantName = "[No Variations]"
Add component (AddParameter): Name = "Manufacturer_Name"; Value = "Amphenol"; VariantName = "[No Variations]"
Add component (AddParameter): Name = "Manufacturer_Part_Number"; Value = "SFW10R-1STE9LF"; VariantName = "[No Variations]"
Add component (AddParameter): Name = "Mouser Part Number"; Value = "649-SFW10R-1STE9LF"; VariantName = "[No Variations]"
Add component (AddParameter): Name = "Mouser Price/Stock"; Value = "https://www.mouser.co.uk/ProductDetail/Amphenol-FCI/SFW10R-1STE9LF/?qs=0%2FIPJkn5eAy46aTtkIWKXg%3D%3D"; VariantName = "[No Variations]"
Added Component: Designator=R45(RES 0603_1608)
Add component (AddParameter): Name = "Part Number"; Value = "RNCS0603BKE100R"; VariantName = "[No Variations]"
Add component (AddParameter): Name = "Value"; Value = "10k Ohms"; VariantName = "[No Variations]"
Added Component: Designator=R46(RES 0603_1608)
Add component (AddParameter): Name = "Part Number"; Value = "RNCS0603BKE100R"; VariantName = "[No Variations]"
Add component (AddParameter): Name = "Value"; Value = "25k Ohms"; VariantName = "[No Variations]"
Added Component: Designator=R47(RES 0603_1608)
Add component (AddParameter): Name = "Part Number"; Value = "RNCS0603BKE100R"; VariantName = "[No Variations]"
Add component (AddParameter): Name = "Value"; Value = "25k Ohms"; VariantName = "[No Variations]"
Added Component: Designator=R48(RES 0603_1608)
Add component (AddParameter): Name = "Part Number"; Value = "RNCS0603BKE100R"; VariantName = "[No Variations]"
Add component (AddParameter): Name = "Value"; Value = "25k Ohms"; VariantName = "[No Variations]"
Added Pin To Net: NetName=AGND Pin=IC10-5
Added Pin To Net: NetName=NetBR1_1 Pin=IC10-8
Added Pin To Net: NetName=SCKI Pin=P4-1
Added Pin To Net: NetName=GND Pin=P4-2
Added Pin To Net: NetName=LRCK Pin=P4-3
Added Pin To Net: NetName=GND Pin=P4-4
Added Pin To Net: NetName=BCK Pin=P4-5
Added Pin To Net: NetName=GND Pin=P4-6
Added Pin To Net: NetName=DOUT Pin=P4-7
Added Pin To Net: NetName=GND Pin=P4-8
Added Pin To Net: NetName=+V_EXT Pin=P4-9
Added Pin To Net: NetName=+3V3 Pin=P4-10
Added Pin To Net: NetName=NetBR1_1 Pin=R45-1
Added Pin To Net: NetName=NetBR1_1 Pin=R46-1
Added Pin To Net: NetName=NetQ1_2 Pin=T1-3
Added Pin To Net: NetName=NetBR1_1 Pin=T1-5
Added Pin To Net: NetName=NetD4_2 Pin=T1-6
Added Pin To Net: NetName=NetBR1_2 Pin=BR1-2
Added Pin To Net: NetName=NetBR1_2 Pin=BR2-2
Added Pin To Net: NetName=NetBR1_2 Pin=IC10-4
Added Pin To Net: NetName=NetBR1_2 Pin=R47-1
Added Pin To Net: NetName=NetBR1_2 Pin=R48-1
Added Net: Name=NetBR1_2
Added Pin To Net: NetName=NetD3_1 Pin=D3-1
Added Pin To Net: NetName=NetD3_1 Pin=IC10-6
Added Net: Name=NetD3_1
Added Pin To Net: NetName=NetD3_2 Pin=D3-2
Added Pin To Net: NetName=NetD3_2 Pin=R45-2
Added Net: Name=NetD3_2
Added Pin To Net: NetName=NetIC10_1 Pin=IC10-1
Added Pin To Net: NetName=NetIC10_1 Pin=R48-2
Added Net: Name=NetIC10_1
Added Pin To Net: NetName=NetIC10_2 Pin=IC10-2
Added Pin To Net: NetName=NetIC10_2 Pin=R47-2
Added Net: Name=NetIC10_2
Added Pin To Net: NetName=NetIC10_3 Pin=IC10-3
Added Pin To Net: NetName=NetIC10_3 Pin=R46-2
Added Net: Name=NetIC10_3
Added Pin To Net: NetName=NetP4_MP1 Pin=P4-MP1
Added Pin To Net: NetName=NetP4_MP1 Pin=P4-MP2
Added Net: Name=NetP4_MP1
Added Member To Class: ClassName=Power+RPI_conn Member=Component D3 =Value
Added Member To Class: ClassName=Power+RPI_conn Member=Component IC10 NCP1090DG
Added Member To Class: ClassName=MCU+ADC Member=Component P4 SFW10R-1STE9LF
Added Member To Class: ClassName=Power+RPI_conn Member=Component R45 10k Ohms
Added Member To Class: ClassName=Power+RPI_conn Member=Component R46 25k Ohms
Added Member To Class: ClassName=Power+RPI_conn Member=Component R47 25k Ohms
Added Member To Class: ClassName=Power+RPI_conn Member=Component R48 25k Ohms
