Change Component Footprint: Designator=C16 Old Footprint=1608[0603] New Footprint=CAP 0603_1608
Change Component Footprint: Designator=C17 Old Footprint=1608[0603] New Footprint=CAP 0603_1608
Change Component Footprint: Designator=C29 Old Footprint=1608[0603] New Footprint=CAP 0603_1608
Change Component Footprint: Designator=C39 Old Footprint=1608[0603] New Footprint=CAP 0603_1608
Change Component Comment : Designator=C14 Old Comment=0.1µF New Comment=10 µF
Change Component Comment : Designator=C26 Old Comment=0.1µF New Comment=10 µF
Change Component Comment : Designator=C16 Old Comment=Cap Semi New Comment=10µF
Change Component Comment : Designator=C17 Old Comment=Cap Semi New Comment=10µF
Change Component Comment : Designator=C29 Old Comment=Cap Semi New Comment=10µF
Change Component Comment : Designator=C39 Old Comment=Cap Semi New Comment=10µF
Change component parameters: Designator = "C14" ("C14"); Footprint = "CAP 0603_1608"; UniqueID = "\PJXWNAVO" ("\PJXWNAVO")
Change component parameters (AddParameter): Name = "Part Number"; Value = "100X14W104MV4T"; VariantName = "[No Variations]"
Change component parameters (AddParameter): Name = "Value"; Value = "10 µF"; VariantName = "[No Variations]"
Change component parameters: Designator = "C26" ("C26"); Footprint = "CAP 0603_1608"; UniqueID = "\TDNGKFSZ" ("\TDNGKFSZ")
Change component parameters (AddParameter): Name = "Part Number"; Value = "100X14W104MV4T"; VariantName = "[No Variations]"
Change component parameters (AddParameter): Name = "Value"; Value = "10 µF"; VariantName = "[No Variations]"
Change component parameters: Designator = "C16" ("C16"); Footprint = "1608[0603]"; UniqueID = "\IWSFBPFC" ("\IWSFBPFC")
Change component parameters (AddParameter): Name = "Part Number"; Value = "100X14W104MV4T"; VariantName = "[No Variations]"
Change component parameters (AddParameter): Name = "Value"; Value = "10µF"; VariantName = "[No Variations]"
Change component parameters: Designator = "C17" ("C17"); Footprint = "1608[0603]"; UniqueID = "\GRNFKLDG" ("\GRNFKLDG")
Change component parameters (AddParameter): Name = "Part Number"; Value = "100X14W104MV4T"; VariantName = "[No Variations]"
Change component parameters (AddParameter): Name = "Value"; Value = "10µF"; VariantName = "[No Variations]"
Change component parameters: Designator = "C29" ("C29"); Footprint = "1608[0603]"; UniqueID = "\YWXGIPFE" ("\YWXGIPFE")
Change component parameters (AddParameter): Name = "Part Number"; Value = "100X14W104MV4T"; VariantName = "[No Variations]"
Change component parameters (AddParameter): Name = "Value"; Value = "10µF"; VariantName = "[No Variations]"
Change component parameters: Designator = "C39" ("C39"); Footprint = "1608[0603]"; UniqueID = "\UDHVWDGU" ("\UDHVWDGU")
Change component parameters (AddParameter): Name = "Part Number"; Value = "100X14W104MV4T"; VariantName = "[No Variations]"
Change component parameters (AddParameter): Name = "Value"; Value = "10µF"; VariantName = "[No Variations]"
Added Room: Name=Analog
Added Room: Name=MCU+ADC
Added Room: Name=Power+RPI_conn
